<?xml version="1.0" encoding="UTF-8"?>
<!-- Generated by org.testng.reporters.JUnitReportReporter -->
<testsuite hostname="MacBook-Pro.attlocal.net" failures="0" tests="43" name="testrunners.MyTestRunner" time="34.989" errors="0" timestamp="2023-07-24T11:19:15 PDT" skipped="0">
  <testcase classname="testrunners.MyTestRunner" name="runScenario" time="0.269"/>
  <testcase classname="testrunners.MyTestRunner" name="runScenario" time="1.408"/>
  <testcase classname="testrunners.MyTestRunner" name="runScenario" time="0.339"/>
  <testcase classname="testrunners.MyTestRunner" name="runScenario" time="0.263"/>
  <testcase classname="testrunners.MyTestRunner" name="runScenario" time="0.518"/>
  <testcase classname="testrunners.MyTestRunner" name="runScenario" time="0.615"/>
  <testcase classname="testrunners.MyTestRunner" name="runScenario" time="1.674"/>
  <testcase classname="testrunners.MyTestRunner" name="runScenario" time="0.349"/>
  <testcase classname="testrunners.MyTestRunner" name="runScenario" time="1.762"/>
  <testcase classname="testrunners.MyTestRunner" name="runScenario" time="0.345"/>
  <testcase classname="testrunners.MyTestRunner" name="runScenario" time="0.400"/>
  <testcase classname="testrunners.MyTestRunner" name="runScenario" time="0.332"/>
  <testcase classname="testrunners.MyTestRunner" name="runScenario" time="4.225"/>
  <testcase classname="testrunners.MyTestRunner" name="runScenario" time="0.274"/>
  <testcase classname="testrunners.MyTestRunner" name="runScenario" time="1.856"/>
  <testcase classname="testrunners.MyTestRunner" name="runScenario" time="0.354"/>
  <testcase classname="testrunners.MyTestRunner" name="runScenario" time="0.318"/>
  <testcase classname="testrunners.MyTestRunner" name="runScenario" time="0.305"/>
  <testcase classname="testrunners.MyTestRunner" name="runScenario" time="0.397"/>
  <testcase classname="testrunners.MyTestRunner" name="runScenario" time="2.238"/>
  <testcase classname="testrunners.MyTestRunner" name="runScenario" time="3.938"/>
  <testcase classname="testrunners.MyTestRunner" name="runScenario" time="0.278"/>
  <testcase classname="testrunners.MyTestRunner" name="runScenario" time="2.082"/>
  <testcase classname="testrunners.MyTestRunner" name="runScenario" time="0.458"/>
  <testcase classname="testrunners.MyTestRunner" name="runScenario" time="0.311"/>
  <testcase classname="testrunners.MyTestRunner" name="runScenario" time="0.346"/>
  <testcase classname="testrunners.MyTestRunner" name="runScenario" time="0.713"/>
  <testcase classname="testrunners.MyTestRunner" name="runScenario" time="0.346"/>
  <testcase classname="testrunners.MyTestRunner" name="runScenario" time="0.317"/>
  <testcase classname="testrunners.MyTestRunner" name="runScenario" time="0.409"/>
  <testcase classname="testrunners.MyTestRunner" name="runScenario" time="0.436"/>
  <testcase classname="testrunners.MyTestRunner" name="runScenario" time="0.386"/>
  <testcase classname="testrunners.MyTestRunner" name="runScenario" time="0.653"/>
  <testcase classname="testrunners.MyTestRunner" name="runScenario" time="0.393"/>
  <testcase classname="testrunners.MyTestRunner" name="runScenario" time="0.353"/>
  <testcase classname="testrunners.MyTestRunner" name="runScenario" time="0.663"/>
  <testcase classname="testrunners.MyTestRunner" name="runScenario" time="0.388"/>
  <testcase classname="testrunners.MyTestRunner" name="runScenario" time="1.150"/>
  <testcase classname="testrunners.MyTestRunner" name="runScenario" time="0.445"/>
  <testcase classname="testrunners.MyTestRunner" name="runScenario" time="0.318"/>
  <testcase classname="testrunners.MyTestRunner" name="runScenario" time="1.906"/>
  <testcase classname="testrunners.MyTestRunner" name="runScenario" time="0.375"/>
  <testcase classname="testrunners.MyTestRunner" name="runScenario" time="0.084"/>
</testsuite> <!-- testrunners.MyTestRunner -->
