<?xml version="1.0" encoding="UTF-8"?>
<!-- Generated by org.testng.reporters.JUnitReportReporter -->
<testsuite hostname="MacBook-Pro.attlocal.net" failures="0" tests="37" name="testrunners.MyTestRunner" time="4.616" errors="0" timestamp="2023-07-19T23:17:57 PDT" skipped="0">
  <testcase classname="testrunners.MyTestRunner" name="runScenario" time="1.911"/>
  <testcase classname="testrunners.MyTestRunner" name="runScenario" time="0.266"/>
  <testcase classname="testrunners.MyTestRunner" name="runScenario" time="0.032"/>
  <testcase classname="testrunners.MyTestRunner" name="runScenario" time="0.006"/>
  <testcase classname="testrunners.MyTestRunner" name="runScenario" time="0.006"/>
  <testcase classname="testrunners.MyTestRunner" name="runScenario" time="0.258"/>
  <testcase classname="testrunners.MyTestRunner" name="runScenario" time="0.011"/>
  <testcase classname="testrunners.MyTestRunner" name="runScenario" time="0.009"/>
  <testcase classname="testrunners.MyTestRunner" name="runScenario" time="0.005"/>
  <testcase classname="testrunners.MyTestRunner" name="runScenario" time="0.007"/>
  <testcase classname="testrunners.MyTestRunner" name="runScenario" time="0.260"/>
  <testcase classname="testrunners.MyTestRunner" name="runScenario" time="0.034"/>
  <testcase classname="testrunners.MyTestRunner" name="runScenario" time="0.266"/>
  <testcase classname="testrunners.MyTestRunner" name="runScenario" time="0.013"/>
  <testcase classname="testrunners.MyTestRunner" name="runScenario" time="0.003"/>
  <testcase classname="testrunners.MyTestRunner" name="runScenario" time="0.026"/>
  <testcase classname="testrunners.MyTestRunner" name="runScenario" time="0.011"/>
  <testcase classname="testrunners.MyTestRunner" name="runScenario" time="0.006"/>
  <testcase classname="testrunners.MyTestRunner" name="runScenario" time="0.018"/>
  <testcase classname="testrunners.MyTestRunner" name="runScenario" time="0.016"/>
  <testcase classname="testrunners.MyTestRunner" name="runScenario" time="0.008"/>
  <testcase classname="testrunners.MyTestRunner" name="runScenario" time="0.261"/>
  <testcase classname="testrunners.MyTestRunner" name="runScenario" time="0.038"/>
  <testcase classname="testrunners.MyTestRunner" name="runScenario" time="0.035"/>
  <testcase classname="testrunners.MyTestRunner" name="runScenario" time="0.338"/>
  <testcase classname="testrunners.MyTestRunner" name="runScenario" time="0.027"/>
  <testcase classname="testrunners.MyTestRunner" name="runScenario" time="0.020"/>
  <testcase classname="testrunners.MyTestRunner" name="runScenario" time="0.013"/>
  <testcase classname="testrunners.MyTestRunner" name="runScenario" time="0.006"/>
  <testcase classname="testrunners.MyTestRunner" name="runScenario" time="0.015"/>
  <testcase classname="testrunners.MyTestRunner" name="runScenario" time="0.037"/>
  <testcase classname="testrunners.MyTestRunner" name="runScenario" time="0.011"/>
  <testcase classname="testrunners.MyTestRunner" name="runScenario" time="0.008"/>
  <testcase classname="testrunners.MyTestRunner" name="runScenario" time="0.594"/>
  <testcase classname="testrunners.MyTestRunner" name="runScenario" time="0.008"/>
  <testcase classname="testrunners.MyTestRunner" name="runScenario" time="0.009"/>
  <testcase classname="testrunners.MyTestRunner" name="runScenario" time="0.024"/>
</testsuite> <!-- testrunners.MyTestRunner -->
