<?xml version="1.0" encoding="UTF-8"?>
<!-- Generated by org.testng.reporters.JUnitReportReporter -->
<testsuite hostname="MacBook-Pro.attlocal.net" failures="0" tests="162" name="testrunners.MyTestRunner" time="206.705" errors="0" timestamp="2023-07-31T12:20:14 PDT" skipped="0">
  <testcase classname="testrunners.MyTestRunner" name="runScenario" time="2.865"/>
  <testcase classname="testrunners.MyTestRunner" name="runScenario" time="0.684"/>
  <testcase classname="testrunners.MyTestRunner" name="runScenario" time="0.885"/>
  <testcase classname="testrunners.MyTestRunner" name="runScenario" time="1.354"/>
  <testcase classname="testrunners.MyTestRunner" name="runScenario" time="0.748"/>
  <testcase classname="testrunners.MyTestRunner" name="runScenario" time="1.567"/>
  <testcase classname="testrunners.MyTestRunner" name="runScenario" time="1.705"/>
  <testcase classname="testrunners.MyTestRunner" name="runScenario" time="1.860"/>
  <testcase classname="testrunners.MyTestRunner" name="runScenario" time="1.133"/>
  <testcase classname="testrunners.MyTestRunner" name="runScenario" time="1.546"/>
  <testcase classname="testrunners.MyTestRunner" name="runScenario" time="1.260"/>
  <testcase classname="testrunners.MyTestRunner" name="runScenario" time="0.333"/>
  <testcase classname="testrunners.MyTestRunner" name="runScenario" time="0.323"/>
  <testcase classname="testrunners.MyTestRunner" name="runScenario" time="1.806"/>
  <testcase classname="testrunners.MyTestRunner" name="runScenario" time="0.989"/>
  <testcase classname="testrunners.MyTestRunner" name="runScenario" time="1.559"/>
  <testcase classname="testrunners.MyTestRunner" name="runScenario" time="0.281"/>
  <testcase classname="testrunners.MyTestRunner" name="runScenario" time="2.046"/>
  <testcase classname="testrunners.MyTestRunner" name="runScenario" time="4.200"/>
  <testcase classname="testrunners.MyTestRunner" name="runScenario" time="0.611"/>
  <testcase classname="testrunners.MyTestRunner" name="runScenario" time="0.422"/>
  <testcase classname="testrunners.MyTestRunner" name="runScenario" time="0.444"/>
  <testcase classname="testrunners.MyTestRunner" name="runScenario" time="1.793"/>
  <testcase classname="testrunners.MyTestRunner" name="runScenario" time="1.524"/>
  <testcase classname="testrunners.MyTestRunner" name="runScenario" time="0.314"/>
  <testcase classname="testrunners.MyTestRunner" name="runScenario" time="0.860"/>
  <testcase classname="testrunners.MyTestRunner" name="runScenario" time="1.758"/>
  <testcase classname="testrunners.MyTestRunner" name="runScenario" time="0.708"/>
  <testcase classname="testrunners.MyTestRunner" name="runScenario" time="0.368"/>
  <testcase classname="testrunners.MyTestRunner" name="runScenario" time="1.204"/>
  <testcase classname="testrunners.MyTestRunner" name="runScenario" time="1.635"/>
  <testcase classname="testrunners.MyTestRunner" name="runScenario" time="2.222"/>
  <testcase classname="testrunners.MyTestRunner" name="runScenario" time="0.430"/>
  <testcase classname="testrunners.MyTestRunner" name="runScenario" time="1.590"/>
  <testcase classname="testrunners.MyTestRunner" name="runScenario" time="0.554"/>
  <testcase classname="testrunners.MyTestRunner" name="runScenario" time="2.720"/>
  <testcase classname="testrunners.MyTestRunner" name="runScenario" time="0.606"/>
  <testcase classname="testrunners.MyTestRunner" name="runScenario" time="1.388"/>
  <testcase classname="testrunners.MyTestRunner" name="runScenario" time="0.624"/>
  <testcase classname="testrunners.MyTestRunner" name="runScenario" time="0.555"/>
  <testcase classname="testrunners.MyTestRunner" name="runScenario" time="2.467"/>
  <testcase classname="testrunners.MyTestRunner" name="runScenario" time="1.075"/>
  <testcase classname="testrunners.MyTestRunner" name="runScenario" time="1.971"/>
  <testcase classname="testrunners.MyTestRunner" name="runScenario" time="0.718"/>
  <testcase classname="testrunners.MyTestRunner" name="runScenario" time="1.806"/>
  <testcase classname="testrunners.MyTestRunner" name="runScenario" time="2.426"/>
  <testcase classname="testrunners.MyTestRunner" name="runScenario" time="1.836"/>
  <testcase classname="testrunners.MyTestRunner" name="runScenario" time="2.564"/>
  <testcase classname="testrunners.MyTestRunner" name="runScenario" time="0.550"/>
  <testcase classname="testrunners.MyTestRunner" name="runScenario" time="1.529"/>
  <testcase classname="testrunners.MyTestRunner" name="runScenario" time="1.993"/>
  <testcase classname="testrunners.MyTestRunner" name="runScenario" time="0.300"/>
  <testcase classname="testrunners.MyTestRunner" name="runScenario" time="1.882"/>
  <testcase classname="testrunners.MyTestRunner" name="runScenario" time="1.838"/>
  <testcase classname="testrunners.MyTestRunner" name="runScenario" time="1.560"/>
  <testcase classname="testrunners.MyTestRunner" name="runScenario" time="0.635"/>
  <testcase classname="testrunners.MyTestRunner" name="runScenario" time="1.406"/>
  <testcase classname="testrunners.MyTestRunner" name="runScenario" time="0.262"/>
  <testcase classname="testrunners.MyTestRunner" name="runScenario" time="0.464"/>
  <testcase classname="testrunners.MyTestRunner" name="runScenario" time="0.689"/>
  <testcase classname="testrunners.MyTestRunner" name="runScenario" time="0.621"/>
  <testcase classname="testrunners.MyTestRunner" name="runScenario" time="0.887"/>
  <testcase classname="testrunners.MyTestRunner" name="runScenario" time="0.398"/>
  <testcase classname="testrunners.MyTestRunner" name="runScenario" time="0.472"/>
  <testcase classname="testrunners.MyTestRunner" name="runScenario" time="1.445"/>
  <testcase classname="testrunners.MyTestRunner" name="runScenario" time="2.663"/>
  <testcase classname="testrunners.MyTestRunner" name="runScenario" time="1.697"/>
  <testcase classname="testrunners.MyTestRunner" name="runScenario" time="0.667"/>
  <testcase classname="testrunners.MyTestRunner" name="runScenario" time="1.528"/>
  <testcase classname="testrunners.MyTestRunner" name="runScenario" time="0.646"/>
  <testcase classname="testrunners.MyTestRunner" name="runScenario" time="1.341"/>
  <testcase classname="testrunners.MyTestRunner" name="runScenario" time="1.315"/>
  <testcase classname="testrunners.MyTestRunner" name="runScenario" time="1.566"/>
  <testcase classname="testrunners.MyTestRunner" name="runScenario" time="0.503"/>
  <testcase classname="testrunners.MyTestRunner" name="runScenario" time="1.799"/>
  <testcase classname="testrunners.MyTestRunner" name="runScenario" time="0.326"/>
  <testcase classname="testrunners.MyTestRunner" name="runScenario" time="1.826"/>
  <testcase classname="testrunners.MyTestRunner" name="runScenario" time="0.488"/>
  <testcase classname="testrunners.MyTestRunner" name="runScenario" time="0.452"/>
  <testcase classname="testrunners.MyTestRunner" name="runScenario" time="1.729"/>
  <testcase classname="testrunners.MyTestRunner" name="runScenario" time="0.248"/>
  <testcase classname="testrunners.MyTestRunner" name="runScenario" time="0.277"/>
  <testcase classname="testrunners.MyTestRunner" name="runScenario" time="0.345"/>
  <testcase classname="testrunners.MyTestRunner" name="runScenario" time="1.041"/>
  <testcase classname="testrunners.MyTestRunner" name="runScenario" time="1.099"/>
  <testcase classname="testrunners.MyTestRunner" name="runScenario" time="0.492"/>
  <testcase classname="testrunners.MyTestRunner" name="runScenario" time="0.420"/>
  <testcase classname="testrunners.MyTestRunner" name="runScenario" time="0.231"/>
  <testcase classname="testrunners.MyTestRunner" name="runScenario" time="1.481"/>
  <testcase classname="testrunners.MyTestRunner" name="runScenario" time="1.564"/>
  <testcase classname="testrunners.MyTestRunner" name="runScenario" time="5.614"/>
  <testcase classname="testrunners.MyTestRunner" name="runScenario" time="0.449"/>
  <testcase classname="testrunners.MyTestRunner" name="runScenario" time="1.744"/>
  <testcase classname="testrunners.MyTestRunner" name="runScenario" time="1.086"/>
  <testcase classname="testrunners.MyTestRunner" name="runScenario" time="0.293"/>
  <testcase classname="testrunners.MyTestRunner" name="runScenario" time="0.414"/>
  <testcase classname="testrunners.MyTestRunner" name="runScenario" time="0.368"/>
  <testcase classname="testrunners.MyTestRunner" name="runScenario" time="3.884"/>
  <testcase classname="testrunners.MyTestRunner" name="runScenario" time="0.390"/>
  <testcase classname="testrunners.MyTestRunner" name="runScenario" time="1.461"/>
  <testcase classname="testrunners.MyTestRunner" name="runScenario" time="0.424"/>
  <testcase classname="testrunners.MyTestRunner" name="runScenario" time="2.095"/>
  <testcase classname="testrunners.MyTestRunner" name="runScenario" time="1.833"/>
  <testcase classname="testrunners.MyTestRunner" name="runScenario" time="0.586"/>
  <testcase classname="testrunners.MyTestRunner" name="runScenario" time="0.391"/>
  <testcase classname="testrunners.MyTestRunner" name="runScenario" time="1.226"/>
  <testcase classname="testrunners.MyTestRunner" name="runScenario" time="1.935"/>
  <testcase classname="testrunners.MyTestRunner" name="runScenario" time="1.380"/>
  <testcase classname="testrunners.MyTestRunner" name="runScenario" time="0.447"/>
  <testcase classname="testrunners.MyTestRunner" name="runScenario" time="0.384"/>
  <testcase classname="testrunners.MyTestRunner" name="runScenario" time="1.407"/>
  <testcase classname="testrunners.MyTestRunner" name="runScenario" time="1.758"/>
  <testcase classname="testrunners.MyTestRunner" name="runScenario" time="0.231"/>
  <testcase classname="testrunners.MyTestRunner" name="runScenario" time="0.568"/>
  <testcase classname="testrunners.MyTestRunner" name="runScenario" time="0.443"/>
  <testcase classname="testrunners.MyTestRunner" name="runScenario" time="0.689"/>
  <testcase classname="testrunners.MyTestRunner" name="runScenario" time="2.149"/>
  <testcase classname="testrunners.MyTestRunner" name="runScenario" time="1.721"/>
  <testcase classname="testrunners.MyTestRunner" name="runScenario" time="0.325"/>
  <testcase classname="testrunners.MyTestRunner" name="runScenario" time="1.809"/>
  <testcase classname="testrunners.MyTestRunner" name="runScenario" time="0.053"/>
  <testcase classname="testrunners.MyTestRunner" name="runScenario" time="0.232"/>
  <testcase classname="testrunners.MyTestRunner" name="runScenario" time="1.285"/>
  <testcase classname="testrunners.MyTestRunner" name="runScenario" time="0.484"/>
  <testcase classname="testrunners.MyTestRunner" name="runScenario" time="0.518"/>
  <testcase classname="testrunners.MyTestRunner" name="runScenario" time="1.972"/>
  <testcase classname="testrunners.MyTestRunner" name="runScenario" time="4.490"/>
  <testcase classname="testrunners.MyTestRunner" name="runScenario" time="0.398"/>
  <testcase classname="testrunners.MyTestRunner" name="runScenario" time="0.414"/>
  <testcase classname="testrunners.MyTestRunner" name="runScenario" time="0.738"/>
  <testcase classname="testrunners.MyTestRunner" name="runScenario" time="1.930"/>
  <testcase classname="testrunners.MyTestRunner" name="runScenario" time="0.419"/>
  <testcase classname="testrunners.MyTestRunner" name="runScenario" time="5.088"/>
  <testcase classname="testrunners.MyTestRunner" name="runScenario" time="1.682"/>
  <testcase classname="testrunners.MyTestRunner" name="runScenario" time="2.331"/>
  <testcase classname="testrunners.MyTestRunner" name="runScenario" time="0.678"/>
  <testcase classname="testrunners.MyTestRunner" name="runScenario" time="5.025"/>
  <testcase classname="testrunners.MyTestRunner" name="runScenario" time="1.543"/>
  <testcase classname="testrunners.MyTestRunner" name="runScenario" time="2.444"/>
  <testcase classname="testrunners.MyTestRunner" name="runScenario" time="0.550"/>
  <testcase classname="testrunners.MyTestRunner" name="runScenario" time="0.345"/>
  <testcase classname="testrunners.MyTestRunner" name="runScenario" time="2.208"/>
  <testcase classname="testrunners.MyTestRunner" name="runScenario" time="1.298"/>
  <testcase classname="testrunners.MyTestRunner" name="runScenario" time="1.095"/>
  <testcase classname="testrunners.MyTestRunner" name="runScenario" time="1.718"/>
  <testcase classname="testrunners.MyTestRunner" name="runScenario" time="1.727"/>
  <testcase classname="testrunners.MyTestRunner" name="runScenario" time="0.283"/>
  <testcase classname="testrunners.MyTestRunner" name="runScenario" time="2.308"/>
  <testcase classname="testrunners.MyTestRunner" name="runScenario" time="2.179"/>
  <testcase classname="testrunners.MyTestRunner" name="runScenario" time="0.307"/>
  <testcase classname="testrunners.MyTestRunner" name="runScenario" time="1.701"/>
  <testcase classname="testrunners.MyTestRunner" name="runScenario" time="0.460"/>
  <testcase classname="testrunners.MyTestRunner" name="runScenario" time="0.449"/>
  <testcase classname="testrunners.MyTestRunner" name="runScenario" time="1.242"/>
  <testcase classname="testrunners.MyTestRunner" name="runScenario" time="1.999"/>
  <testcase classname="testrunners.MyTestRunner" name="runScenario" time="4.280"/>
  <testcase classname="testrunners.MyTestRunner" name="runScenario" time="2.020"/>
  <testcase classname="testrunners.MyTestRunner" name="runScenario" time="0.841"/>
  <testcase classname="testrunners.MyTestRunner" name="runScenario" time="0.514"/>
  <testcase classname="testrunners.MyTestRunner" name="runScenario" time="0.730"/>
  <testcase classname="testrunners.MyTestRunner" name="runScenario" time="0.357"/>
  <testcase classname="testrunners.MyTestRunner" name="runScenario" time="1.854"/>
</testsuite> <!-- testrunners.MyTestRunner -->
