<?xml version="1.0" encoding="UTF-8"?>
<!-- Generated by org.testng.reporters.JUnitReportReporter -->
<testsuite hostname="Roopas-MBP.attlocal.net" failures="0" tests="1" name="testrunners.MyTestRunner" time="6.736" errors="0" timestamp="2023-07-17T16:54:41 PDT" skipped="0">
  <testcase classname="testrunners.MyTestRunner" name="runScenario" time="6.736"/>
</testsuite> <!-- testrunners.MyTestRunner -->
